
 *------------------------------------------------------------------------------------* 
 |                                                                                    | 
 |  *------------------------------------------------------------------------------*  | 
 |  |                                                                              |  | 
 |  |                                                                              |  | 
 |  |   PPP   Y   Y  TTTTT  H   H  III    A      Welcome to the Lund Monte Carlo!  |  | 
 |  |   P  P   Y Y     T    H   H   I    A A     This is PYTHIA version 8.313      |  | 
 |  |   PPP     Y      T    HHHHH   I   AAAAA    Last date of change: 10 Jan 2025  |  | 
 |  |   P       Y      T    H   H   I   A   A                                      |  | 
 |  |   P       Y      T    H   H  III  A   A    Now is 31 Mar 2025 at 15:27:40    |  | 
 |  |                                                                              |  | 
 |  |   Program documentation and an archive of historic versions is found on:     |  | 
 |  |                                                                              |  | 
 |  |                               https://pythia.org/                            |  | 
 |  |                                                                              |  | 
 |  |   PYTHIA is authored by a collaboration consisting of:                       |  | 
 |  |                                                                              |  | 
 |  |   Javira Altmann, Christian Bierlich, Naomi Cooke, Nishita Desai,            |  | 
 |  |   Ilkka Helenius, Philip Ilten, Leif Lonnblad, Stephen Mrenna,               |  | 
 |  |   Christian Preuss, Torbjorn Sjostrand, and Peter Skands.                    |  | 
 |  |                                                                              |  | 
 |  |   The complete list of authors, including contact information and            |  | 
 |  |   affiliations, can be found on https://pythia.org/.                         |  | 
 |  |   Problems or bugs should be reported on email at authors@pythia.org.        |  | 
 |  |                                                                              |  | 
 |  |   The main program reference is C. Bierlich et al,                           |  | 
 |  |   'A comprehensive guide to the physics and usage of Pythia 8.3',            |  | 
 |  |   SciPost Phys. Codebases 8-r8.3 (2022) [arXiv:2203.11601 [hep-ph]]          |  | 
 |  |                                                                              |  | 
 |  |   PYTHIA is released under the GNU General Public Licence version 2          |  | 
 |  |   or later. Please respect the MCnet Guidelines for Generator Authors        |  | 
 |  |   and Users.                                                                 |  | 
 |  |                                                                              |  | 
 |  |   Disclaimer: this program comes without any guarantees.                     |  | 
 |  |   Beware of errors and use common sense when interpreting results.           |  | 
 |  |                                                                              |  | 
 |  |   Copyright (C) 2025 Torbjorn Sjostrand                                      |  | 
 |  |                                                                              |  | 
 |  |                                                                              |  | 
 |  *------------------------------------------------------------------------------*  | 
 |                                                                                    | 
 *------------------------------------------------------------------------------------* 

 PYTHIA Warning in Pythia::init: should not combine softQCD processes with hard ones

 *-------  PYTHIA Process Initialization  --------------------------*
 |                                                                  |
 | We collide p+ with p+ at a CM energy of 1.400e+04 GeV            |
 |                                                                  |
 |------------------------------------------------------------------|
 |                                                    |             |
 | Subprocess                                    Code |   Estimated |
 |                                                    |    max (mb) |
 |                                                    |             |
 |------------------------------------------------------------------|
 |                                                    |             |
 | non-diffractive                                101 |   5.717e+01 |
 | A B -> A B elastic                             102 |   2.258e+01 |
 | A B -> X B single diffractive                  103 |   6.442e+00 |
 | A B -> A X single diffractive                  104 |   6.442e+00 |
 | A B -> X X double diffractive                  105 |   8.881e+00 |
 | A B -> A X B central diffractive               106 |   0.000e+00 |
 | g g -> g g                                     111 |   1.397e+04 |
 | g g -> q qbar (uds)                            112 |   1.022e+02 |
 | q g -> q g                                     113 |   5.913e+03 |
 | q q(bar)' -> q q(bar)'                         114 |   1.072e+03 |
 | q qbar -> g g                                  115 |   5.178e+00 |
 | q qbar -> q' qbar' (uds)                       116 |   1.351e+00 |
 | g g -> c cbar                                  121 |   5.348e+01 |
 | q qbar -> c cbar                               122 |   5.495e-01 |
 | g g -> b bbar                                  123 |   3.842e+00 |
 | q qbar -> b bbar                               124 |   2.248e-02 |
 |                                                                  |
 *-------  End PYTHIA Process Initialization -----------------------*

 *-------  PYTHIA Multiparton Interactions Initialization  ---------* 
 |                                                                  | 
 |                   sigmaNonDiffractive =    57.17 mb              | 
 |                                                                  | 
 |    pT0 =  2.65 gives sigmaInteraction =   328.88 mb: accepted    | 
 |                                                                  | 
 *-------  End PYTHIA Multiparton Interactions Initialization  -----* 

 *-------  PYTHIA Multiparton Interactions Initialization  ---------* 
 |                                                                  | 
 |   diffraction XB for p+ on p+                                    | 
 |                                                                  | 
 |   diffractive mass = 1.00e+01 GeV and sigmaNorm =    10.00 mb    | 
 |    pT0 =  0.56 gives sigmaInteraction =    25.08 mb: accepted    | 
 |   diffractive mass = 1.62e+01 GeV and sigmaNorm =    10.00 mb    | 
 |    pT0 =  0.62 gives sigmaInteraction =    24.17 mb: accepted    | 
 |   diffractive mass = 2.63e+01 GeV and sigmaNorm =    10.00 mb    | 
 |    pT0 =  0.69 gives sigmaInteraction =    22.19 mb: accepted    | 
 |   diffractive mass = 4.26e+01 GeV and sigmaNorm =    10.00 mb    | 
 |    pT0 =  0.76 gives sigmaInteraction =    20.11 mb: accepted    | 
 |   diffractive mass = 6.90e+01 GeV and sigmaNorm =    10.00 mb    | 
 |    pT0 =  0.84 gives sigmaInteraction =    18.23 mb: accepted    | 
 |   diffractive mass = 1.12e+02 GeV and sigmaNorm =    10.00 mb    | 
 |    pT0 =  0.94 gives sigmaInteraction =    16.86 mb: accepted    | 
 |   diffractive mass = 1.81e+02 GeV and sigmaNorm =    10.00 mb    | 
 |    pT0 =  1.04 gives sigmaInteraction =    16.49 mb: accepted    | 
 |   diffractive mass = 2.94e+02 GeV and sigmaNorm =    10.00 mb    | 
 |    pT0 =  1.15 gives sigmaInteraction =    17.02 mb: accepted    | 
 |   diffractive mass = 4.76e+02 GeV and sigmaNorm =    10.00 mb    | 
 |    pT0 =  1.28 gives sigmaInteraction =    18.82 mb: accepted    | 
 |   diffractive mass = 7.72e+02 GeV and sigmaNorm =    10.00 mb    | 
 |    pT0 =  1.42 gives sigmaInteraction =    21.47 mb: accepted    | 
 |   diffractive mass = 1.25e+03 GeV and sigmaNorm =    10.00 mb    | 
 |    pT0 =  1.57 gives sigmaInteraction =    25.59 mb: accepted    | 
 |   diffractive mass = 2.03e+03 GeV and sigmaNorm =    10.00 mb    | 
 |    pT0 =  1.75 gives sigmaInteraction =    30.86 mb: accepted    | 
 |   diffractive mass = 3.29e+03 GeV and sigmaNorm =    10.00 mb    | 
 |    pT0 =  1.94 gives sigmaInteraction =    37.15 mb: accepted    | 
 |   diffractive mass = 5.33e+03 GeV and sigmaNorm =    10.00 mb    | 
 |    pT0 =  2.15 gives sigmaInteraction =    45.22 mb: accepted    | 
 |   diffractive mass = 8.64e+03 GeV and sigmaNorm =    10.00 mb    | 
 |    pT0 =  2.39 gives sigmaInteraction =    53.35 mb: accepted    | 
 |   diffractive mass = 1.40e+04 GeV and sigmaNorm =    10.00 mb    | 
 |    pT0 =  2.65 gives sigmaInteraction =    62.93 mb: accepted    | 
 |                                                                  | 
 *-------  End PYTHIA Multiparton Interactions Initialization  -----* 
 PYTHIA Warning in MultipartonInteractions::init: maximum increased by factor 4.137

 *-------  PYTHIA Multiparton Interactions Initialization  ---------* 
 |                                                                  | 
 |   diffraction AX for p+ on p+                                    | 
 |                                                                  | 
 |   diffractive mass = 1.00e+01 GeV and sigmaNorm =    10.00 mb    | 
 |    pT0 =  0.56 gives sigmaInteraction =    25.04 mb: accepted    | 
 |   diffractive mass = 1.62e+01 GeV and sigmaNorm =    10.00 mb    | 
 |    pT0 =  0.62 gives sigmaInteraction =    24.18 mb: accepted    | 
 |   diffractive mass = 2.63e+01 GeV and sigmaNorm =    10.00 mb    | 
 |    pT0 =  0.69 gives sigmaInteraction =    22.27 mb: accepted    | 
 |   diffractive mass = 4.26e+01 GeV and sigmaNorm =    10.00 mb    | 
 |    pT0 =  0.76 gives sigmaInteraction =    20.06 mb: accepted    | 
 |   diffractive mass = 6.90e+01 GeV and sigmaNorm =    10.00 mb    | 
 |    pT0 =  0.84 gives sigmaInteraction =    18.17 mb: accepted    | 
 |   diffractive mass = 1.12e+02 GeV and sigmaNorm =    10.00 mb    | 
 |    pT0 =  0.94 gives sigmaInteraction =    16.91 mb: accepted    | 
 |   diffractive mass = 1.81e+02 GeV and sigmaNorm =    10.00 mb    | 
 |    pT0 =  1.04 gives sigmaInteraction =    16.46 mb: accepted    | 
 |   diffractive mass = 2.94e+02 GeV and sigmaNorm =    10.00 mb    | 
 |    pT0 =  1.15 gives sigmaInteraction =    17.10 mb: accepted    | 
 |   diffractive mass = 4.76e+02 GeV and sigmaNorm =    10.00 mb    | 
 |    pT0 =  1.28 gives sigmaInteraction =    18.90 mb: accepted    | 
 |   diffractive mass = 7.72e+02 GeV and sigmaNorm =    10.00 mb    | 
 |    pT0 =  1.42 gives sigmaInteraction =    21.57 mb: accepted    | 
 |   diffractive mass = 1.25e+03 GeV and sigmaNorm =    10.00 mb    | 
 |    pT0 =  1.57 gives sigmaInteraction =    25.89 mb: accepted    | 
 |   diffractive mass = 2.03e+03 GeV and sigmaNorm =    10.00 mb    | 
 |    pT0 =  1.75 gives sigmaInteraction =    30.57 mb: accepted    | 
 |   diffractive mass = 3.29e+03 GeV and sigmaNorm =    10.00 mb    | 
 |    pT0 =  1.94 gives sigmaInteraction =    37.42 mb: accepted    | 
 |   diffractive mass = 5.33e+03 GeV and sigmaNorm =    10.00 mb    | 
 |    pT0 =  2.15 gives sigmaInteraction =    44.88 mb: accepted    | 
 |   diffractive mass = 8.64e+03 GeV and sigmaNorm =    10.00 mb    | 
 |    pT0 =  2.39 gives sigmaInteraction =    53.43 mb: accepted    | 
 |   diffractive mass = 1.40e+04 GeV and sigmaNorm =    10.00 mb    | 
 |    pT0 =  2.65 gives sigmaInteraction =    63.18 mb: accepted    | 
 |                                                                  | 
 *-------  End PYTHIA Multiparton Interactions Initialization  -----* 

 *-------  PYTHIA Flag + Mode + Parm + Word + FVec + MVec + PVec + WVec Settings (changes only)  ------------------* 
 |                                                                                                                 | 
 | Name                                          |                      Now |      Default         Min         Max | 
 |                                               |                          |                                      | 
 | HardQCD:all                                   |                       on |          off                         | 
 | SoftQCD:all                                   |                       on |          off                         | 
 |                                                                                                                 | 
 *-------  End PYTHIA Flag + Mode + Parm + Word + FVec + MVec + PVec + WVec Settings  -----------------------------* 

 --------  PYTHIA Particle Data Table (changed only)  ------------------------------------------------------------------------------
 
      id   name            antiName         spn chg col      m0        mWidth      mMin       mMax       tau0    res dec ext vis wid
             no onMode   bRatio   meMode     products 

 no particle data has been changed from its default value 

 --------  End PYTHIA Particle Data Table  -----------------------------------------------------------------------------------------


 --------  PYTHIA Info Listing  ---------------------------------------- 
 
 Beam A: id =   2212, pz =  7.000e+03, e =  7.000e+03, m =  9.383e-01.
 Beam B: id =   2212, pz = -7.000e+03, e =  7.000e+03, m =  9.383e-01.

 In 1: id =   21, x =  5.285e-02, pdf =  1.719e+00 at Q2 =  2.215e+00.
 In 2: id =   21, x =  2.641e-01, pdf =  5.437e-01 at same Q2.

 Subprocess g g -> g g with code 111 is 2 -> 2.
 It has sHat =  2.736e+06,    tHat = -2.735e+06,    uHat = -2.215e+00,
       pTHat =  1.488e+00,   m3Hat =  0.000e+00,   m4Hat =  0.000e+00,
    thetaHat =  3.140e+00,  phiHat =  3.431e+00.
     alphaEM =  7.475e-03,  alphaS =  3.928e-01    at Q2 =  2.215e+00.

 Impact parameter b =  1.610e+00 gives enhancement factor =  3.987e-02.
 Max pT scale for MPI =  1.488e+00, ISR =  1.488e+00, FSR =  1.488e+00.
 Number of MPI =     1, ISR =     0, FSRproc =     1, FSRreson =     0.

 --------  End PYTHIA Info Listing  ------------------------------------

 --------  PYTHIA Event Listing  (hard process)  -----------------------------------------------------------------------------------
 
    no         id  name            status     mothers   daughters     colours      p_x        p_y        p_z         e          m 
     0         90  (system)           -11     0     0     0     0     0     0      0.000      0.000      0.000  14000.000  14000.000
     1       2212  (p+)               -12     0     0     3     0     0     0      0.000      0.000   7000.000   7000.000      0.938
     2       2212  (p+)               -12     0     0     4     0     0     0      0.000      0.000  -7000.000   7000.000      0.938
     3         21  (g)                -21     1     0     5     6   102   101      0.000      0.000    369.980    369.980      0.000
     4         21  (g)                -21     2     0     5     6   104   103      0.000      0.000  -1848.411   1848.411      0.000
     5         21  g                   23     3     4     0     0   104   101     -1.426     -0.425  -1848.410   1848.410      0.000
     6         21  g                   23     3     4     0     0   102   103      1.426      0.425    369.978    369.981      0.000
                                   Charge sum:  0.000           Momentum sum:      0.000      0.000  -1478.431   2218.391   1653.935

 --------  End PYTHIA Event Listing  -----------------------------------------------------------------------------------------------

 --------  PYTHIA Event Listing  (complete event)  ---------------------------------------------------------------------------------
 
    no         id  name            status     mothers   daughters     colours      p_x        p_y        p_z         e          m 
     0         90  (system)           -11     0     0     0     0     0     0      0.000      0.000      0.000  14000.000  14000.000
     1       2212  (p+)               -12     0     0    10     0     0     0      0.000      0.000   7000.000   7000.000      0.938
     2       2212  (p+)               -12     0     0    11     0     0     0      0.000      0.000  -7000.000   7000.000      0.938
     3         21  (g)                -21    10    10     5     6   102   101      0.000      0.000    369.980    369.980      0.000
     4         21  (g)                -21     9     9     5     6   104   103      0.000      0.000  -1848.411   1848.411      0.000
     5         21  (g)                -23     3     4     7     8   104   101     -1.426     -0.425  -1848.410   1848.410      0.000
     6         21  (g)                -23     3     4    13    13   102   103      1.426      0.425    369.978    369.981      0.000
     7         21  (g)                -51     5     0    12    12   105   101     -1.107     -0.580  -1411.691   1411.692      0.000
     8         21  (g)                -51     5     0    14    14   104   105     -0.319      0.155  -1372.576   1372.576      0.000
     9         21  (g)                -53    11    11     4     4   104   103      0.000      0.000  -2784.269   2784.269      0.000
    10         21  (g)                -61     1     0     3     3   102   101     -0.691     -0.016    369.980    369.980      0.000
    11         21  (g)                -61     2     0     9     9   104   103     -1.061      0.397  -2784.270   2784.270      0.000
    12         21  (g)                -62     7     7    40    40   105   101     -1.645     -0.379  -1411.693   1411.694      0.000
    13         21  (g)                -62     6     6    20    20   102   103      0.735      0.409    369.979    369.980      0.000
    14         21  (g)                -62     8     8    41    41   104   105     -0.842      0.350  -1372.577   1372.577      0.000
    15       2203  (uu_1)             -63     1     0    21    21     0   102      0.215     -0.155   5206.469   5206.470      0.771
    16          1  (d)                -63     1     0    39    39   101     0      0.476      0.171   1423.550   1423.550      0.330
    17       2101  (ud_0)             -63     2     0    42    42     0   104      0.590     -0.127  -3977.293   3977.293      0.579
    18          2  (u)                -63     2     0    19    19   103     0      0.472     -0.270   -238.436    238.437      0.330
    19          2  (u)                -71    18    18    22    38   103     0      0.472     -0.270   -238.436    238.437      0.330
    20         21  (g)                -71    13    13    22    38   102   103      0.735      0.409    369.979    369.980      0.000
    21       2203  (uu_1)             -71    15    15    22    38     0   102      0.215     -0.155   5206.469   5206.470      0.771
    22        111  (pi0)              -83    19    21    87    88     0     0      0.255     -0.177   -193.321    193.322      0.135
    23        211  pi+                 83    19    21     0     0     0     0      0.320     -0.694    -24.801     24.813      0.140
    24       -213  (rho-)             -83    19    21    63    64     0     0      0.174      0.329    -12.086     12.115      0.750
    25        211  pi+                 83    19    21     0     0     0     0     -0.092      0.257     -1.665      1.693      0.140
    26        111  (pi0)              -83    19    21    89    90     0     0      0.313      0.230     -1.452      1.509      0.135
    27       -213  (rho-)             -83    19    21    65    66     0     0     -0.322     -0.062     -2.741      2.912      0.928
    28        211  pi+                 83    19    21     0     0     0     0     -0.075     -0.513     -0.988      1.125      0.140
    29        221  (eta)              -83    19    21    91    93     0     0     -0.043      0.211     -0.778      0.976      0.548
    30        311  (K0)               -83    19    21    67    67     0     0     -0.060     -0.037      0.426      0.659      0.498
    31       -323  (K*-)              -83    19    21    68    69     0     0      0.362      0.700      2.382      2.672      0.920
    32        223  (omega)            -83    19    21    94    96     0     0     -0.013     -0.892     21.465     21.498      0.784
    33        211  pi+                 83    19    21     0     0     0     0     -0.560      0.631     21.553     21.570      0.140
    34        221  (eta)              -84    19    21    97    98     0     0      0.728     -0.159     82.311     82.316      0.548
    35        313  (K*0)              -84    19    21    70    71     0     0      0.021      0.378   1079.697   1079.698      0.902
    36       -311  (Kbar0)            -84    19    21    72    72     0     0     -0.106     -0.045    274.180    274.181      0.498
    37       2114  (Delta0)           -84    19    21    73    74     0     0      0.749     -0.072   2087.699   2087.700      1.263
    38        213  (rho+)             -84    19    21    75    76     0     0     -0.231     -0.102   2006.131   2006.131      0.632
    39          1  (d)                -71    16    16    43    62   101     0      0.476      0.171   1423.550   1423.550      0.330
    40         21  (g)                -71    12    12    43    62   105   101     -1.645     -0.379  -1411.693   1411.694      0.000
    41         21  (g)                -71    14    14    43    62   104   105     -0.842      0.350  -1372.577   1372.577      0.000
    42       2101  (ud_0)             -71    17    17    43    62     0   104      0.590     -0.127  -3977.293   3977.293      0.579
    43       -213  (rho-)             -83    39    42    77    78     0     0      0.272      0.252    619.772    619.772      0.817
    44        223  (omega)            -83    39    42    99   101     0     0      0.160     -0.225    594.906    594.907      0.797
    45        111  (pi0)              -83    39    42   102   103     0     0      0.180      0.012     45.601     45.602      0.135
    46        221  (eta)              -83    39    42   104   105     0     0     -0.156      0.651     85.285     85.290      0.548
    47        211  pi+                 83    39    42     0     0     0     0      0.055     -0.427      3.615      3.643      0.140
    48       -211  pi-                 83    39    42     0     0     0     0      0.106     -0.112      7.848      7.851      0.140
    49        113  (rho0)             -83    39    42    79    80     0     0      0.134      0.358     39.161     39.166      0.481
    50        211  pi+                 83    39    42     0     0     0     0     -0.462     -0.282      6.870      6.892      0.140
    51       -211  pi-                 83    39    42     0     0     0     0     -0.067     -0.325     12.496     12.502      0.140
    52        223  (omega)            -83    39    42   106   107     0     0      0.541      0.141      6.645      6.713      0.769
    53        111  (pi0)              -84    39    42   108   109     0     0     -0.632      0.381      0.805      1.100      0.135
    54        223  (omega)            -84    39    42   110   112     0     0      0.411     -0.141     -0.972      1.323      0.786
    55        223  (omega)            -84    39    42   113   115     0     0     -0.100      0.343     -2.173      2.336      0.781
    56        113  (rho0)             -84    39    42    81    82     0     0     -0.160     -0.264     -4.970      5.075      0.976
    57        321  K+                  84    39    42     0     0     0     0      0.041     -0.581     -8.236      8.271      0.494
    58       -311  (Kbar0)            -84    39    42    83    83     0     0      0.088      0.590    -87.172     87.176      0.498
    59        111  (pi0)              -84    39    42   116   117     0     0     -0.071     -0.326    -62.592     62.593      0.135
    60        223  (omega)            -84    39    42   118   120     0     0     -1.175      0.624  -1307.843   1307.844      0.779
    61        313  (K*0)              -84    39    42    84    85     0     0     -0.797     -0.148  -2772.419   2772.419      0.885
    62       3122  (Lambda0)          -84    39    42   121   122     0     0      0.209     -0.503  -2514.640   2514.640      1.116
    63       -211  pi-                 91    24     0     0     0     0     0      0.391      0.329     -9.902      9.916      0.140
    64        111  (pi0)              -91    24     0   123   124     0     0     -0.216     -0.000     -2.184      2.199      0.135
    65       -211  pi-                 91    27     0     0     0     0     0      0.117     -0.265     -0.377      0.496      0.140
    66        111  (pi0)              -91    27     0   125   126     0     0     -0.439      0.203     -2.364      2.416      0.135
    67        130  K_L0                91    30    30     0     0     0     0     -0.060     -0.037      0.426      0.659      0.498
    68       -311  (Kbar0)            -91    31     0    86    86     0     0      0.216      0.610      1.090      1.362      0.498
    69       -211  pi-                 91    31     0     0     0     0     0      0.146      0.090      1.292      1.310      0.140
    70        321  K+                  91    35     0     0     0     0     0     -0.094     -0.009    744.983    744.983      0.494
    71       -211  pi-                 91    35     0     0     0     0     0      0.115      0.388    334.715    334.715      0.140
    72        130  K_L0                91    36    36     0     0     0     0     -0.106     -0.045    274.180    274.181      0.498
    73       2212  p+                  91    37     0     0     0     0     0      0.766      0.073   1940.811   1940.812      0.938
    74       -211  pi-                 91    37     0     0     0     0     0     -0.016     -0.145    146.888    146.888      0.140
    75        211  pi+                 91    38     0     0     0     0     0     -0.157     -0.299   1579.673   1579.673      0.140
    76        111  (pi0)              -91    38     0   127   128     0     0     -0.074      0.197    426.458    426.458      0.135
    77       -211  pi-                 91    43     0     0     0     0     0     -0.109     -0.148     75.754     75.754      0.140
    78        111  (pi0)              -91    43     0   129   130     0     0      0.381      0.400    544.018    544.018      0.135
    79        211  pi+                 91    49     0     0     0     0     0      0.232      0.221     30.706     30.708      0.140
    80       -211  pi-                 91    49     0     0     0     0     0     -0.098      0.138      8.454      8.457      0.140
    81        211  pi+                 91    56     0     0     0     0     0      0.321      0.112     -1.278      1.330      0.140
    82       -211  pi-                 91    56     0     0     0     0     0     -0.480     -0.376     -3.692      3.745      0.140
    83        310  (K_S0)             -91    58    58   131   132     0     0      0.088      0.590    -87.172     87.176      0.498
    84        321  K+                  91    61     0     0     0     0     0     -0.562      0.182  -1840.829   1840.829      0.494
    85       -211  pi-                 91    61     0     0     0     0     0     -0.236     -0.330   -931.590    931.590      0.140
    86        130  K_L0                91    68    68     0     0     0     0      0.216      0.610      1.090      1.362      0.498
    87         22  gamma               91    22     0     0     0     0     0      0.106     -0.085   -124.383    124.383      0.000
    88         22  gamma               91    22     0     0     0     0     0      0.148     -0.093    -68.938     68.939      0.000
    89         22  gamma               91    26     0     0     0     0     0      0.116      0.016     -0.337      0.357      0.000
    90         22  gamma               91    26     0     0     0     0     0      0.197      0.214     -1.115      1.152      0.000
    91        211  pi+                 91    29     0     0     0     0     0      0.003      0.134     -0.151      0.246      0.140
    92       -211  pi-                 91    29     0     0     0     0     0      0.022      0.098     -0.146      0.225      0.140
    93        111  (pi0)              -91    29     0   133   134     0     0     -0.067     -0.021     -0.481      0.505      0.135
    94        211  pi+                 91    32     0     0     0     0     0     -0.252     -0.485      8.508      8.527      0.140
    95       -211  pi-                 91    32     0     0     0     0     0      0.056     -0.045      2.178      2.184      0.140
    96        111  (pi0)              -91    32     0   135   136     0     0      0.183     -0.362     10.779     10.787      0.135
    97         22  gamma               91    34     0     0     0     0     0      0.733     -0.248     59.556     59.561      0.000
    98         22  gamma               91    34     0     0     0     0     0     -0.004      0.089     22.754     22.754      0.000
    99        211  pi+                 91    44     0     0     0     0     0     -0.067     -0.000    264.683    264.683      0.140
   100       -211  pi-                 91    44     0     0     0     0     0      0.276     -0.305    219.231    219.231      0.140
   101        111  (pi0)              -91    44     0   137   138     0     0     -0.049      0.080    110.992    110.992      0.135
   102         22  gamma               91    45     0     0     0     0     0      0.140     -0.040     38.034     38.034      0.000
   103         22  gamma               91    45     0     0     0     0     0      0.040      0.051      7.567      7.568      0.000
   104         22  gamma               91    46     0     0     0     0     0      0.171      0.268     20.808     20.810      0.000
   105         22  gamma               91    46     0     0     0     0     0     -0.327      0.383     64.478     64.480      0.000
   106        111  (pi0)              -91    52     0   139   140     0     0      0.302      0.148      1.015      1.078      0.135
   107         22  gamma               91    52     0     0     0     0     0      0.240     -0.007      5.630      5.635      0.000
   108         22  gamma               91    53     0     0     0     0     0     -0.023      0.053      0.050      0.076      0.000
   109         22  gamma               91    53     0     0     0     0     0     -0.609      0.328      0.755      1.024      0.000
   110        211  pi+                 91    54     0     0     0     0     0      0.164     -0.270     -0.155      0.379      0.140
   111       -211  pi-                 91    54     0     0     0     0     0      0.203      0.097     -0.726      0.772      0.140
   112        111  (pi0)              -91    54     0   141   142     0     0      0.044      0.033     -0.092      0.172      0.135
   113        211  pi+                 91    55     0     0     0     0     0      0.009      0.053     -0.687      0.703      0.140
   114       -211  pi-                 91    55     0     0     0     0     0     -0.259      0.135     -0.382      0.500      0.140
   115        111  (pi0)              -91    55     0   143   144     0     0      0.149      0.155     -1.105      1.134      0.135
   116         22  gamma               91    59     0     0     0     0     0      0.009     -0.124    -14.117     14.118      0.000
   117         22  gamma               91    59     0     0     0     0     0     -0.080     -0.202    -48.474     48.475      0.000
   118        211  pi+                 91    60     0     0     0     0     0     -0.664      0.138   -569.329    569.329      0.140
   119       -211  pi-                 91    60     0     0     0     0     0     -0.525      0.354   -516.056    516.057      0.140
   120        111  (pi0)              -91    60     0   145   146     0     0      0.014      0.132   -222.458    222.458      0.135
   121       2212  p+                  91    62     0     0     0     0     0      0.192     -0.514  -2323.782   2323.783      0.938
   122       -211  pi-                 91    62     0     0     0     0     0      0.017      0.012   -190.857    190.857      0.140
   123         22  gamma               91    64     0     0     0     0     0     -0.090      0.061     -1.187      1.192      0.000
   124         22  gamma               91    64     0     0     0     0     0     -0.126     -0.061     -0.998      1.008      0.000
   125         22  gamma               91    66     0     0     0     0     0     -0.412      0.176     -1.939      1.990      0.000
   126         22  gamma               91    66     0     0     0     0     0     -0.027      0.027     -0.425      0.426      0.000
   127         22  gamma               91    76     0     0     0     0     0     -0.062      0.205    421.096    421.096      0.000
   128         22  gamma               91    76     0     0     0     0     0     -0.012     -0.008      5.361      5.361      0.000
   129         22  gamma               91    78     0     0     0     0     0      0.056      0.139    164.417    164.417      0.000
   130         22  gamma               91    78     0     0     0     0     0      0.325      0.261    379.601    379.601      0.000
   131        111  (pi0)              -91    83     0   147   148     0     0     -0.103      0.285    -24.009     24.011      0.135
   132        111  (pi0)              -91    83     0   149   150     0     0      0.191      0.305    -63.163     63.165      0.135
   133         22  gamma               91    93     0     0     0     0     0     -0.066      0.028     -0.422      0.428      0.000
   134         22  gamma               91    93     0     0     0     0     0     -0.002     -0.049     -0.059      0.076      0.000
   135         22  gamma               91    96     0     0     0     0     0      0.044     -0.206      4.393      4.398      0.000
   136         22  gamma               91    96     0     0     0     0     0      0.140     -0.156      6.386      6.389      0.000
   137         22  gamma               91   101     0     0     0     0     0     -0.001      0.101     51.960     51.960      0.000
   138         22  gamma               91   101     0     0     0     0     0     -0.048     -0.021     59.032     59.032      0.000
   139         22  gamma               91   106     0     0     0     0     0      0.223      0.037      0.621      0.661      0.000
   140         22  gamma               91   106     0     0     0     0     0      0.079      0.111      0.395      0.417      0.000
   141         22  gamma               91   112     0     0     0     0     0      0.047     -0.036     -0.002      0.059      0.000
   142         22  gamma               91   112     0     0     0     0     0     -0.003      0.069     -0.089      0.113      0.000
   143         22  gamma               91   115     0     0     0     0     0      0.099      0.075     -0.892      0.901      0.000
   144         22  gamma               91   115     0     0     0     0     0      0.051      0.080     -0.212      0.233      0.000
   145         22  gamma               91   120     0     0     0     0     0      0.041      0.151   -183.349    183.349      0.000
   146         22  gamma               91   120     0     0     0     0     0     -0.027     -0.019    -39.109     39.109      0.000
   147         22  gamma               91   131     0     0     0     0     0     -0.072      0.271    -17.888     17.890      0.000
   148         22  gamma               91   131     0     0     0     0     0     -0.031      0.014     -6.121      6.121      0.000
   149         22  gamma               91   132     0     0     0     0     0      0.181      0.319    -59.758     59.759      0.000
   150         22  gamma               91   132     0     0     0     0     0      0.010     -0.014     -3.406      3.406      0.000
                                   Charge sum:  2.000           Momentum sum:     -0.000     -0.000     -0.000  14000.000  14000.000

 --------  End PYTHIA Event Listing  -----------------------------------------------------------------------------------------------
Event: 0
Event size: 151
90 14000.000 0.000
2212 0.938 7000.000
2212 0.938 7000.000
21 0.000 369.980
21 0.000 1848.411
21 0.000 1848.410
21 0.000 369.981
21 0.000 1411.692
21 0.000 1372.576
21 0.000 2784.269
21 0.000 369.980
21 0.000 2784.270
21 0.000 1411.694
21 0.000 369.980
21 0.000 1372.577
2203 0.771 5206.469
1 0.330 1423.550
2101 0.579 3977.293
2 0.330 238.437
2 0.330 238.437
21 0.000 369.980
2203 0.771 5206.469
111 0.135 193.322
211 0.140 24.813
-213 0.750 12.092
211 0.140 1.687
111 0.135 1.503
-213 0.928 2.760
211 0.140 1.116
221 0.548 0.807
311 0.498 0.432
-323 0.920 2.509
223 0.784 21.484
211 0.140 21.569
221 0.548 82.314
313 0.902 1079.697
-311 0.498 274.180
2114 1.263 2087.699
213 0.632 2006.131
1 0.330 1423.550
21 0.000 1411.694
21 0.000 1372.577
2101 0.579 3977.293
-213 0.817 619.772
223 0.797 594.906
111 0.135 45.601
221 0.548 85.288
211 0.140 3.641
-211 0.140 7.849
113 0.481 39.163
211 0.140 6.891
-211 0.140 12.501
223 0.769 6.669
111 0.135 1.092
223 0.786 1.065
223 0.781 2.202
113 0.976 4.980
321 0.494 8.256
-311 0.498 87.174
111 0.135 62.592
223 0.779 1307.844
313 0.885 2772.419
3122 1.116 2514.640
-211 0.140 9.915
111 0.135 2.195
-211 0.140 0.476
111 0.135 2.413
130 0.498 0.432
-311 0.498 1.268
-211 0.140 1.303
321 0.494 744.983
-211 0.140 334.715
130 0.498 274.180
2212 0.938 1940.811
-211 0.140 146.888
211 0.140 1579.673
111 0.135 426.458
-211 0.140 75.754
111 0.135 544.018
211 0.140 30.708
-211 0.140 8.456
211 0.140 1.322
-211 0.140 3.742
310 0.498 87.174
321 0.494 1840.829
-211 0.140 931.590
130 0.498 1.268
22 0.000 124.383
22 0.000 68.939
22 0.000 0.357
22 0.000 1.152
211 0.140 0.202
-211 0.140 0.177
111 0.135 0.486
211 0.140 8.526
-211 0.140 2.179
111 0.135 10.787
22 0.000 59.561
22 0.000 22.754
211 0.140 264.683
-211 0.140 219.231
111 0.135 110.992
22 0.000 38.034
22 0.000 7.568
22 0.000 20.810
22 0.000 64.480
111 0.135 1.070
22 0.000 5.635
22 0.000 0.076
22 0.000 1.024
211 0.140 0.352
-211 0.140 0.760
111 0.135 0.107
211 0.140 0.689
-211 0.140 0.480
111 0.135 1.126
22 0.000 14.118
22 0.000 48.475
211 0.140 569.329
-211 0.140 516.057
111 0.135 222.458
2212 0.938 2323.782
-211 0.140 190.857
22 0.000 1.192
22 0.000 1.008
22 0.000 1.990
22 0.000 0.426
22 0.000 421.096
22 0.000 5.361
22 0.000 164.417
22 0.000 379.601
111 0.135 24.011
111 0.135 63.164
22 0.000 0.428
22 0.000 0.076
22 0.000 4.398
22 0.000 6.389
22 0.000 51.960
22 0.000 59.032
22 0.000 0.661
22 0.000 0.417
22 0.000 0.059
22 0.000 0.113
22 0.000 0.901
22 0.000 0.233
22 0.000 183.349
22 0.000 39.109
22 0.000 17.890
22 0.000 6.121
22 0.000 59.759
22 0.000 3.406
Event: 1
Event size: 250
90 14000.000 0.000
2212 0.938 7000.000
2212 0.938 7000.000
21 0.000 1.277
21 0.000 180.846
21 0.000 178.622
21 0.000 3.501
21 0.000 1.317
21 0.000 3.835
21 0.000 176.970
21 0.000 1.357
21 0.000 180.846
21 0.000 171.403
21 0.000 1.320
21 0.000 4.276
21 0.000 5.204
21 0.000 9.714
21 0.000 180.846
21 0.000 169.743
21 0.000 1.987
21 0.000 5.483
21 0.000 4.948
21 0.000 8.398
21 0.000 8.482
21 0.000 0.905
21 0.000 165.840
21 0.000 1.926
21 0.000 1.113
21 0.000 3.897
21 0.000 1.734
21 0.000 2.105
21 0.000 6.569
21 0.000 2.373
21 0.000 5.778
21 0.000 0.523
21 0.000 3.735
21 0.000 0.571
21 0.000 7.989
1 0.330 1.298
-1 0.330 6.832
21 0.000 0.380
21 0.000 1.553
21 0.000 6.804
21 0.000 158.388
21 0.000 0.532
21 0.000 1.232
21 0.000 1.083
21 0.000 159.481
21 0.000 0.007
21 0.000 5.704
21 0.000 3.223
21 0.000 0.626
21 0.000 0.267
21 0.000 9.724
21 0.000 180.850
21 0.000 159.477
21 0.000 1.062
21 0.000 2.409
21 0.000 3.219
1 0.330 1.284
21 0.000 1.536
21 0.000 0.540
21 0.000 0.529
21 0.000 5.800
21 0.000 0.265
-1 0.330 6.835
21 0.000 5.714
21 0.000 1.236
21 0.000 0.007
21 0.000 0.611
2101 0.579 6770.793
2 0.330 219.491
2203 0.771 6705.331
1 0.330 113.810
21 0.283 5.714
1 0.330 1.284
2101 0.579 6770.793
-211 0.140 2.612
211 0.140 11.177
113 1.117 10.665
-211 0.140 1.661
111 0.135 183.506
111 0.135 27.288
211 0.140 205.941
-211 0.140 194.638
2212 0.938 6134.562
1 0.330 113.810
21 0.000 159.477
21 0.283 5.714
21 0.000 1.536
21 0.000 2.409
21 0.000 5.800
21 0.000 0.529
21 0.000 1.062
21 0.000 1.236
21 0.000 0.540
21 0.000 3.219
21 0.000 0.611
21 0.000 0.265
-1 0.330 6.835
113 0.701 70.703
111 0.135 17.675
311 0.498 96.455
-311 0.498 43.186
-211 0.140 26.631
111 0.135 9.816
213 0.818 5.869
-213 0.827 6.117
111 0.135 2.076
2224 1.176 2.848
223 0.789 4.032
-2214 1.240 2.563
221 0.548 1.382
223 0.794 1.294
-211 0.140 1.341
211 0.140 0.492
313 0.903 1.036
-311 0.498 0.612
111 0.135 0.863
221 0.548 1.070
223 0.785 1.475
-211 0.140 0.393
213 1.389 2.858
211 0.140 14.583
2112 0.940 174.850
-2112 0.940 14.867
-213 0.729 5.448
223 0.784 2.417
221 0.548 5.236
221 0.548 0.988
111 0.135 0.834
323 0.951 0.683
333 1.021 2.380
-321 0.494 4.124
321 0.494 7.126
-323 0.892 74.050
321 0.494 59.076
-311 0.498 74.044
-213 1.475 873.328
211 0.140 233.182
2112 0.940 3273.640
211 0.140 2102.828
211 0.140 7.831
-211 0.140 2.888
211 0.140 28.587
-211 0.140 42.119
310 0.498 96.455
310 0.498 43.186
211 0.140 2.075
111 0.135 3.843
-211 0.140 5.852
111 0.135 0.289
2212 0.938 2.592
211 0.140 0.293
-2112 0.940 1.991
-211 0.140 0.630
321 0.494 0.724
-211 0.140 0.478
130 0.498 0.612
211 0.140 1.589
111 0.135 1.577
-211 0.140 0.759
111 0.135 4.723
311 0.498 0.804
211 0.140 0.177
-311 0.498 51.108
-211 0.140 22.945
310 0.498 74.044
-211 0.140 799.671
111 0.135 73.658
130 0.498 0.804
130 0.498 51.108
22 0.000 76.023
22 0.000 107.483
22 0.000 4.474
22 0.000 22.815
22 0.000 14.267
22 0.000 3.408
22 0.000 3.813
22 0.000 6.004
22 0.000 1.792
22 0.000 0.289
211 0.140 0.941
-211 0.140 2.214
111 0.135 0.929
22 0.000 0.401
22 0.000 1.086
211 0.140 0.249
-211 0.140 0.287
111 0.135 0.904
22 0.000 0.367
22 0.000 0.507
22 0.000 0.451
22 0.000 0.751
211 0.140 0.823
-211 0.140 0.682
111 0.135 0.035
211 0.140 0.999
-211 0.140 0.569
111 0.135 0.936
111 0.135 2.075
111 0.135 2.086
111 0.135 1.086
211 0.140 0.387
-211 0.140 0.435
111 0.135 0.224
22 0.000 0.432
22 0.000 0.414
321 0.494 1.194
-321 0.494 1.200
111 0.135 31.437
111 0.135 65.019
111 0.135 4.041
111 0.135 39.146
22 0.000 1.923
22 0.000 1.922
22 0.000 0.253
22 0.000 0.066
22 0.000 0.106
22 0.000 1.477
22 0.000 2.106
22 0.000 2.618
211 0.140 64.962
-211 0.140 9.083
22 0.000 56.400
22 0.000 17.258
22 0.000 0.691
22 0.000 0.248
22 0.000 0.811
22 0.000 0.102
22 0.000 0.084
22 0.000 0.055
22 0.000 0.306
22 0.000 0.640
22 0.000 1.990
22 0.000 0.090
22 0.000 0.175
22 0.000 1.915
22 0.000 0.405
22 0.000 0.689
22 0.000 0.134
22 0.000 0.128
22 0.000 6.664
22 0.000 24.773
22 0.000 9.723
22 0.000 55.296
22 0.000 0.947
22 0.000 3.096
22 0.000 4.722
22 0.000 34.424
Event: 2
Event size: 193
90 14000.000 0.000
2212 0.938 7000.000
2212 0.938 7000.000
21 0.000 147.802
21 0.000 0.093
21 0.000 81.310
21 0.000 66.586
1 0.000 1080.622
21 0.000 0.003
1 0.330 944.242
21 0.000 136.383
21 0.000 40.159
21 0.000 483.687
1 0.330 556.780
21 0.000 72.365
21 0.000 8.954
21 0.000 0.103
21 0.000 52.726
21 0.000 21.221
21 0.000 155.163
21 0.000 48.719
21 0.000 4.017
21 0.000 0.113
21 0.000 155.163
21 0.000 1352.451
21 0.000 70.126
21 0.000 50.916
21 0.000 8.873
21 0.000 21.195
21 0.000 4.166
21 0.000 1352.338
21 0.000 155.169
21 0.000 1352.449
21 0.000 70.106
21 0.000 50.929
21 0.000 8.874
21 0.000 21.204
21 0.000 4.169
21 0.000 1352.336
1 0.000 1079.994
21 0.000 2.166
1 0.330 545.197
21 0.000 55.907
21 0.000 481.056
2 0.330 613.664
2103 0.771 5138.221
-1 0.330 10.823
2101 0.579 3381.954
2 0.330 2265.555
2103 0.970 5619.276
21 0.000 21.204
21 0.000 50.929
21 0.000 4.169
323 0.971 67.199
-321 0.494 9.083
2 0.330 613.664
-1 0.330 10.823
211 0.140 15.732
1114 1.206 429.240
211 0.140 111.694
-2112 0.940 54.394
111 0.135 13.421
1 0.330 545.197
2101 0.579 3381.954
-211 0.140 269.023
111 0.135 209.272
213 0.744 47.467
221 0.548 10.772
-211 0.140 1.753
211 0.140 2.016
-211 0.140 2.355
211 0.140 1.045
-213 0.684 0.585
321 0.494 0.952
-313 0.948 0.788
2112 0.940 8.990
113 0.902 5.000
-2112 0.940 88.605
113 0.828 203.515
113 0.779 81.902
-211 0.140 250.607
2224 1.215 1665.216
-213 0.757 1076.222
2 0.330 2265.555
21 0.000 1352.336
21 0.000 8.874
21 0.000 70.106
21 0.000 55.907
2103 0.970 5619.276
223 0.779 1466.801
213 1.290 1422.465
-211 0.140 368.506
213 0.733 225.270
-213 1.013 85.049
211 0.140 33.371
-211 0.140 5.238
211 0.140 10.419
111 0.135 0.749
-211 0.140 1.079
2224 1.300 1.742
221 0.548 2.406
-2224 1.170 35.962
113 0.920 40.380
223 0.794 44.485
321 0.494 208.085
-321 0.494 490.974
211 0.140 271.777
2112 0.940 2082.797
223 0.785 2573.937
321 0.494 49.395
111 0.135 17.808
2112 0.940 310.003
-211 0.140 119.238
211 0.140 28.329
111 0.135 19.143
-211 0.140 0.386
111 0.135 0.471
-311 0.498 0.641
111 0.135 0.399
211 0.140 3.282
-211 0.140 1.791
211 0.140 68.720
-211 0.140 134.797
211 0.140 47.056
-211 0.140 34.849
2212 0.938 1411.814
211 0.140 253.402
-211 0.140 453.091
111 0.135 623.132
211 0.140 221.884
111 0.135 1200.582
211 0.140 174.725
111 0.135 50.546
-211 0.140 81.607
111 0.135 3.446
2212 0.938 1.033
211 0.140 0.765
-2212 0.938 33.272
-211 0.140 2.692
211 0.140 4.521
-211 0.140 35.866
310 0.498 0.641
22 0.000 2.512
22 0.000 10.909
22 0.000 164.153
22 0.000 45.119
111 0.135 2.467
111 0.135 3.791
111 0.135 4.520
211 0.140 288.908
-211 0.140 263.940
111 0.135 913.953
22 0.000 0.388
22 0.000 0.373
211 0.140 0.696
-211 0.140 1.637
22 0.000 0.114
211 0.140 26.290
-211 0.140 3.399
111 0.135 14.800
211 0.140 766.311
-211 0.140 1595.028
111 0.135 212.599
22 0.000 15.173
22 0.000 2.635
22 0.000 1.824
22 0.000 17.319
22 0.000 0.169
22 0.000 0.321
22 0.000 0.237
22 0.000 0.184
22 0.000 141.457
22 0.000 481.675
22 0.000 835.342
22 0.000 365.240
22 0.000 31.242
22 0.000 19.305
22 0.000 0.951
22 0.000 2.498
211 0.140 0.414
-211 0.140 0.347
22 0.000 0.818
22 0.000 1.652
22 0.000 3.598
22 0.000 0.195
22 0.000 1.036
22 0.000 3.486
22 0.000 488.118
22 0.000 425.835
22 0.000 12.206
22 0.000 2.594
22 0.000 181.450
22 0.000 31.149
 PYTHIA Warning in PhaseSpace::trialKin123: maximum for cross section violated
Event: 3
Event size: 164
90 14000.000 0.000
2212 0.938 7000.000
2212 0.938 7000.000
1 0.000 1242.009
21 0.000 0.004
1 0.330 1159.167
21 0.000 82.846
1 0.000 1228.613
21 0.000 15.752
1 0.330 1183.116
21 0.000 61.249
2203 0.771 5755.624
2 0.330 13.598
2101 0.579 6986.409
2 0.330 13.598
21 0.000 61.249
2203 0.771 5755.624
331 0.958 5.486
113 0.680 3.103
111 0.135 1.087
211 0.140 0.557
111 0.135 0.504
113 1.022 1.531
2112 0.940 0.354
-2112 0.940 0.489
-213 0.742 1.378
211 0.140 2.807
-211 0.140 1.384
323 0.882 7.015
-311 0.498 22.438
-213 0.748 16.945
211 0.140 7.399
3212 1.193 69.919
-213 0.818 62.554
-3122 1.116 159.562
213 0.722 298.343
-213 0.707 1261.462
2212 0.938 3296.016
211 0.140 608.116
1 0.330 1183.116
2101 0.579 6986.409
221 0.548 675.258
113 0.711 381.469
111 0.135 43.989
-211 0.140 30.565
211 0.140 6.386
111 0.135 16.326
-213 1.139 11.255
211 0.140 2.268
113 0.632 12.568
-211 0.140 0.592
213 1.265 1.302
-211 0.140 1.042
211 0.140 0.143
-211 0.140 0.218
223 0.776 0.948
213 0.886 1.521
-211 0.140 0.349
111 0.135 5.590
323 0.925 60.705
-311 0.498 140.171
313 0.896 1621.721
3122 1.116 1239.787
111 0.135 3914.081
211 0.140 2.736
-211 0.140 0.414
211 0.140 0.804
-211 0.140 1.015
-211 0.140 1.068
111 0.135 0.470
321 0.494 5.317
111 0.135 1.725
130 0.498 22.438
-211 0.140 2.725
111 0.135 14.233
-211 0.140 18.049
111 0.135 44.510
211 0.140 277.229
111 0.135 21.114
-211 0.140 681.049
111 0.135 580.413
211 0.140 126.570
-211 0.140 254.900
-211 0.140 1.611
111 0.135 9.695
211 0.140 8.677
-211 0.140 3.903
211 0.140 0.463
111 0.135 1.324
211 0.140 0.310
111 0.135 1.413
311 0.498 32.420
211 0.140 28.288
310 0.498 140.171
321 0.494 873.997
-211 0.140 747.724
310 0.498 32.420
111 0.135 0.445
111 0.135 0.631
221 0.548 4.425
22 0.000 0.802
22 0.000 0.293
22 0.000 0.060
22 0.000 0.462
3122 1.116 66.481
22 0.000 3.439
-2212 0.938 149.051
211 0.140 10.510
211 0.140 417.484
-211 0.140 170.304
22 0.000 87.470
22 0.000 18.199
22 0.000 25.789
22 0.000 3.662
22 0.000 12.665
211 0.140 0.158
-211 0.140 0.420
111 0.135 0.555
22 0.000 1.959
22 0.000 3.633
2212 0.938 1054.028
-211 0.140 185.759
22 0.000 1416.560
22 0.000 2497.521
22 0.000 0.156
22 0.000 0.332
22 0.000 1.498
22 0.000 0.232
22 0.000 6.324
22 0.000 7.910
22 0.000 39.806
22 0.000 4.704
22 0.000 9.445
22 0.000 11.669
22 0.000 361.440
22 0.000 218.973
22 0.000 6.215
22 0.000 3.481
22 0.000 0.438
22 0.000 0.893
22 0.000 0.500
22 0.000 0.919
111 0.135 47.445
111 0.135 92.726
111 0.135 11.167
111 0.135 21.256
22 0.000 0.158
22 0.000 0.308
22 0.000 0.340
22 0.000 0.305
22 0.000 2.081
22 0.000 2.378
2212 0.938 55.281
-211 0.140 11.200
22 0.000 0.436
22 0.000 0.135
22 0.000 15.745
22 0.000 31.700
22 0.000 11.172
22 0.000 81.554
22 0.000 2.345
22 0.000 8.823
22 0.000 0.498
22 0.000 20.759
Event: 4
Event size: 500
90 14000.000 0.000
2212 0.938 7000.000
2212 0.938 7000.000
21 0.000 1.446
-3 0.000 137.817
21 0.000 12.888
-3 0.500 126.374
21 0.000 19.816
1 0.000 51.157
21 0.000 20.073
1 0.330 50.899
1 0.000 178.253
1 0.000 51.157
21 0.000 19.799
1 0.330 51.271
1 0.330 158.339
21 0.000 0.864
21 0.000 6.943
21 0.000 2.959
21 0.000 4.849
21 0.000 9.590
-3 0.000 137.817
21 0.000 13.793
-3 0.500 125.317
21 0.000 8.297
21 0.000 9.590
-3 0.000 141.089
21 0.000 14.052
-3 0.500 128.083
21 0.000 8.122
21 0.000 0.420
1 0.330 42.536
21 0.000 8.817
1 0.000 178.335
21 0.000 9.590
21 0.000 150.802
21 0.000 14.065
-3 0.500 128.569
21 0.000 8.097
21 0.000 0.422
3 0.500 9.225
21 0.000 0.864
21 0.000 337.479
21 0.000 2.912
21 0.000 5.246
21 0.000 330.185
21 0.000 8.087
21 0.000 0.948
21 0.000 341.269
21 0.000 6.118
21 0.000 2.133
21 0.000 13.911
21 0.000 9.590
21 0.000 891.050
21 0.000 13.891
-3 0.500 128.620
21 0.000 6.113
21 0.000 0.423
3 0.500 9.224
21 0.000 2.135
21 0.000 740.220
-1 0.000 0.041
21 0.000 24.190
-1 0.330 8.325
21 0.000 15.900
21 0.000 2.909
21 0.000 1.785
21 0.000 4.341
-1 0.330 5.511
1 0.330 3.374
1 0.000 178.429
-1 0.330 8.831
21 0.000 8.345
1 0.330 30.874
21 0.000 1.638
21 0.000 5.713
21 0.000 0.896
21 0.000 2.224
21 0.000 2.575
21 0.000 2.454
21 0.000 8.485
21 0.000 8.796
1 0.330 21.937
21 0.000 4.993
21 0.000 9.069
21 0.000 3.219
21 0.000 8.598
21 0.000 5.064
1 0.330 13.266
21 0.000 0.697
21 0.000 0.666
21 0.000 13.424
21 0.000 2.249
21 0.000 2.462
21 0.000 2.640
21 0.000 1.020
21 0.000 4.731
21 0.000 344.111
21 0.000 0.973
21 0.000 2.430
21 0.000 2.348
21 0.000 0.915
21 0.000 2.415
21 0.000 1.699
21 0.000 9.651
21 0.000 891.136
21 0.000 12.956
-3 0.500 129.040
21 0.000 2.325
21 0.000 0.454
3 0.500 9.164
21 0.000 0.749
21 0.000 740.261
21 0.000 2.686
21 0.000 0.616
21 0.000 2.522
1 0.000 178.448
1 0.000 51.155
21 0.000 19.800
1 0.330 13.264
1 0.330 158.364
-1 0.330 8.828
1 0.330 3.368
21 0.000 3.218
21 0.000 8.605
21 0.000 9.067
21 0.000 5.062
21 0.000 3.228
21 0.000 342.157
21 0.000 4.249
21 0.000 0.613
21 0.000 329.770
21 0.000 1.174
21 0.000 2.427
21 0.000 0.669
21 0.000 1.804
21 0.000 0.890
21 0.000 3.791
-1 0.000 3.947
21 0.000 21.755
-1 0.330 4.274
21 0.000 21.416
2203 0.771 3864.388
1 0.330 1706.556
-1 0.330 1239.940
1 0.330 1.134
2 0.330 3028.014
2101 0.579 2207.294
-1 0.330 451.149
21 0.231 6.213
21 0.281 1.821
21 0.418 5.191
21 0.391 1.451
-1 0.490 12.042
1 0.675 18.317
1 0.675 18.317
21 0.000 8.605
21 0.000 9.067
-1 0.490 12.042
-211 0.140 7.148
221 0.548 6.895
211 0.140 4.102
2214 1.500 16.697
-2212 0.938 13.086
3 0.500 9.164
21 0.000 740.261
-1 0.330 451.149
-311 0.498 17.428
-213 0.809 23.032
223 0.782 27.520
211 0.140 32.886
113 0.856 134.329
-211 0.140 371.777
211 0.140 212.031
111 0.135 165.803
223 0.777 215.745
1 0.330 3.368
21 0.391 1.451
21 0.000 1.804
-3 0.500 129.040
223 0.781 2.904
-211 0.140 0.731
221 0.548 1.743
113 0.825 4.294
211 0.140 1.053
-211 0.140 2.249
111 0.135 0.615
323 0.953 64.461
221 0.548 57.364
1 0.330 158.364
21 0.000 19.800
-1 0.330 4.274
-213 0.807 99.145
213 1.041 46.105
311 0.498 15.125
-313 0.876 11.733
-211 0.140 1.423
223 0.781 1.115
223 0.785 2.173
321 0.494 0.691
-311 0.498 0.744
-211 0.140 0.421
111 0.135 0.506
113 0.815 0.729
211 0.140 1.371
1 0.330 1.134
-1 0.330 1239.940
2112 0.940 0.511
-2212 0.938 0.328
211 0.140 3.198
-211 0.140 2.759
223 0.776 3.665
213 0.869 7.632
2112 0.940 36.978
-2112 0.940 292.472
311 0.498 219.275
-313 0.881 672.928
1 0.330 1706.556
2101 0.579 2207.294
311 0.498 991.274
-313 0.969 478.846
111 0.135 71.863
221 0.548 42.354
-211 0.140 97.501
3212 1.193 6.652
-3112 1.197 7.378
313 0.869 8.908
-311 0.498 0.813
2112 0.940 0.600
-2212 0.938 5.589
213 0.880 37.072
-213 0.870 164.786
2212 0.938 536.934
111 0.135 1462.285
2 0.330 3028.014
21 0.000 329.770
21 0.000 21.416
21 0.231 6.213
21 0.000 4.249
21 0.281 1.821
21 0.000 0.454
21 0.000 12.956
21 0.000 0.616
21 0.000 0.749
21 0.418 5.191
21 0.000 2.325
2203 0.771 3864.388
113 0.809 1687.205
211 0.140 618.383
-211 0.140 271.406
211 0.140 665.987
-213 0.916 106.989
221 0.548 9.538
113 0.897 14.769
211 0.140 3.925
111 0.135 3.267
111 0.135 1.670
311 0.498 1.994
-321 0.494 2.675
221 0.548 2.072
211 0.140 0.464
-213 0.703 1.497
211 0.140 2.261
-211 0.140 1.533
221 0.548 4.372
113 0.637 1.884
113 0.770 1.902
211 0.140 0.487
223 0.787 0.535
111 0.135 1.306
313 0.910 2.674
-313 0.878 1.664
-211 0.140 4.123
223 0.784 20.518
323 0.881 17.262
333 1.024 461.989
-321 0.494 619.114
323 0.874 660.832
3122 1.116 1604.597
211 0.140 477.742
2212 0.938 16.138
111 0.135 0.584
310 0.498 17.428
-211 0.140 13.022
111 0.135 10.022
211 0.140 115.152
-211 0.140 19.179
211 0.140 1.467
-211 0.140 2.895
311 0.498 18.321
211 0.140 46.140
-211 0.140 46.688
111 0.135 52.460
211 0.140 36.101
111 0.135 10.015
310 0.498 15.125
-311 0.498 4.894
111 0.135 6.845
310 0.498 0.744
211 0.140 0.346
-211 0.140 0.707
211 0.140 1.404
111 0.135 6.269
130 0.498 219.275
-321 0.494 642.307
211 0.140 30.620
310 0.498 991.274
-311 0.498 373.485
111 0.135 105.362
321 0.494 8.375
-211 0.140 0.543
130 0.498 0.813
211 0.140 25.763
111 0.135 11.318
-211 0.140 101.672
111 0.135 63.115
211 0.140 496.129
-211 0.140 1191.076
-211 0.140 23.570
111 0.135 83.422
211 0.140 0.658
-211 0.140 14.124
130 0.498 1.994
-211 0.140 0.529
111 0.135 1.099
211 0.140 0.154
-211 0.140 1.776
211 0.140 1.726
-211 0.140 0.289
321 0.494 1.680
-211 0.140 1.065
-321 0.494 0.708
211 0.140 1.009
311 0.498 6.682
211 0.140 10.584
311 0.498 549.840
211 0.140 110.993
310 0.498 18.321
310 0.498 4.894
130 0.498 373.485
310 0.498 6.682
310 0.498 549.840
22 0.000 4.139
22 0.000 2.777
211 0.140 8.407
-211 0.140 15.512
111 0.135 3.609
22 0.000 51.180
22 0.000 114.623
211 0.140 45.003
-211 0.140 21.744
111 0.135 148.999
211 0.140 0.567
-211 0.140 1.321
111 0.135 1.087
111 0.135 0.532
111 0.135 0.707
111 0.135 0.542
22 0.000 0.582
22 0.000 0.047
211 0.140 6.423
-211 0.140 24.820
111 0.135 26.121
211 0.140 0.074
-211 0.140 0.405
111 0.135 0.763
211 0.140 0.652
-211 0.140 0.618
111 0.135 1.001
22 0.000 0.180
22 0.000 0.344
211 0.140 2.647
-211 0.140 0.476
111 0.135 0.584
22 0.000 57.670
22 0.000 14.192
211 0.140 17.963
-211 0.140 12.063
111 0.135 12.329
3122 1.116 6.156
22 0.000 0.501
-2112 0.940 6.665
211 0.140 0.730
22 0.000 935.787
22 0.000 526.498
111 0.135 2.586
111 0.135 1.795
111 0.135 5.162
22 0.000 1.229
22 0.000 2.041
22 0.000 1.583
22 0.000 0.093
211 0.140 0.727
-211 0.140 1.060
111 0.135 0.306
22 0.000 2.729
22 0.000 1.677
211 0.140 0.464
-211 0.140 0.231
111 0.135 0.143
22 0.000 0.145
22 0.000 1.168
211 0.140 9.383
-211 0.140 4.042
111 0.135 7.103
321 0.494 209.256
-321 0.494 252.734
2212 0.938 1219.765
-211 0.140 384.832
22 0.000 0.553
22 0.000 0.047
211 0.140 7.076
-211 0.140 10.356
22 0.000 0.549
22 0.000 9.474
22 0.000 38.609
22 0.000 13.852
22 0.000 1.890
22 0.000 8.126
111 0.135 1.762
111 0.135 13.365
22 0.000 0.790
22 0.000 6.056
111 0.135 0.542
111 0.135 0.309
22 0.000 4.505
22 0.000 1.765
211 0.140 419.465
-211 0.140 571.809
22 0.000 78.342
22 0.000 27.020
22 0.000 5.745
22 0.000 5.574
22 0.000 50.371
22 0.000 12.744
22 0.000 36.965
22 0.000 46.458
22 0.000 0.435
22 0.000 0.672
111 0.135 6.399
111 0.135 11.927
111 0.135 3.373
111 0.135 1.538
211 0.140 4.057
-211 0.140 2.637
211 0.140 292.730
-211 0.140 257.110
22 0.000 3.422
22 0.000 0.189
22 0.000 124.375
22 0.000 24.625
22 0.000 0.005
22 0.000 1.090
22 0.000 0.072
22 0.000 0.477
22 0.000 0.263
22 0.000 0.457
22 0.000 0.104
22 0.000 0.455
22 0.000 4.816
22 0.000 21.305
22 0.000 0.364
22 0.000 0.411
22 0.000 0.122
22 0.000 0.888
22 0.000 0.026
11 0.001 0.568
-11 0.001 0.006
22 0.000 6.236
22 0.000 6.094
2212 0.938 5.373
-211 0.140 0.789
22 0.000 1.532
22 0.000 1.058
22 0.000 0.125
22 0.000 1.675
22 0.000 2.134
22 0.000 3.030
22 0.000 0.290
22 0.000 0.044
22 0.000 0.071
22 0.000 0.126
22 0.000 2.723
22 0.000 4.382
22 0.000 0.618
22 0.000 1.149
22 0.000 2.847
22 0.000 10.519
22 0.000 0.015
22 0.000 0.543
22 0.000 0.185
22 0.000 0.152
22 0.000 1.239
22 0.000 5.161
22 0.000 0.363
22 0.000 11.565
22 0.000 3.002
22 0.000 0.374
22 0.000 1.498
22 0.000 0.046
Event: 5
Event size: 131
90 14000.000 0.000
2212 0.938 7000.000
2212 0.938 7000.000
-1 0.000 0.009
21 0.000 2230.710
-1 0.330 33.614
21 0.000 2197.104
21 0.000 2054.242
21 0.000 144.376
-1 0.330 32.100
-1 0.000 0.011
21 0.000 2230.710
-1 0.330 29.298
21 0.000 2025.283
21 0.000 153.185
21 0.000 22.953
-1 0.000 2.736
21 0.000 2229.835
-1 0.330 37.095
21 0.000 2016.783
21 0.000 149.246
21 0.000 29.446
2 0.330 2246.955
2101 0.579 4718.097
1 0.330 34.937
2203 0.771 4606.947
1 0.330 160.492
1 0.330 34.937
2101 0.579 4718.097
221 0.548 379.732
313 0.800 405.184
-311 0.498 2402.485
2112 0.940 1565.633
1 0.330 160.492
21 0.000 2016.783
21 0.000 149.246
-1 0.330 37.095
-211 0.140 880.461
211 0.140 788.829
-213 0.966 211.292
221 0.548 70.026
111 0.135 46.543
113 0.606 264.918
213 1.015 101.539
2 0.330 2246.955
21 0.000 29.446
2203 0.771 4606.947
213 0.811 858.939
113 0.990 692.503
-211 0.140 127.175
323 0.780 366.321
-313 0.984 80.493
-211 0.140 8.221
211 0.140 76.148
113 1.041 23.165
-211 0.140 5.747
323 0.937 6.428
-321 0.494 1.217
211 0.140 0.546
-211 0.140 0.852
211 0.140 0.227
-211 0.140 4.703
213 0.686 14.754
311 0.498 16.280
-311 0.498 14.675
111 0.135 53.291
-211 0.140 44.811
211 0.140 57.132
111 0.135 766.625
2114 1.423 2550.340
211 0.140 1112.451
321 0.494 266.494
-211 0.140 138.690
310 0.498 2402.485
-211 0.140 73.383
111 0.135 137.911
211 0.140 47.455
-211 0.140 217.463
211 0.140 77.046
111 0.135 24.497
211 0.140 222.325
111 0.135 636.614
211 0.140 633.219
-211 0.140 59.285
311 0.498 327.411
211 0.140 38.911
-311 0.498 30.725
111 0.135 49.770
211 0.140 0.600
-211 0.140 22.572
311 0.498 4.918
211 0.140 1.547
211 0.140 12.817
111 0.135 1.947
310 0.498 16.280
130 0.498 14.675
2212 0.938 1361.071
-211 0.140 1189.269
310 0.498 327.411
310 0.498 30.725
310 0.498 4.918
22 0.000 305.196
22 0.000 74.536
22 0.000 58.707
22 0.000 11.321
22 0.000 7.852
22 0.000 38.691
22 0.000 50.699
22 0.000 2.592
22 0.000 605.269
22 0.000 161.356
211 0.140 310.797
-211 0.140 2091.688
22 0.000 46.363
22 0.000 91.548
22 0.000 20.706
22 0.000 3.792
22 0.000 406.640
22 0.000 229.974
22 0.000 1.476
22 0.000 48.294
22 0.000 0.798
22 0.000 1.153
211 0.140 5.099
-211 0.140 11.186
211 0.140 107.026
-211 0.140 220.385
211 0.140 13.559
-211 0.140 17.168
211 0.140 1.055
-211 0.140 3.877
Event: 6
Event size: 183
90 14000.000 0.000
2212 0.938 7000.000
2212 0.938 7000.000
2 0.000 695.104
21 0.000 0.080
2 0.330 691.279
21 0.000 3.905
21 0.000 0.316
21 0.000 12.963
2 0.330 681.905
21 0.000 59.063
21 0.000 0.614
21 0.000 0.790
21 0.000 58.887
21 0.000 52.073
21 0.000 6.832
21 0.000 0.772
2 0.000 691.983
21 0.000 4.621
2 0.330 686.796
21 0.000 3.836
21 0.000 5.973
21 0.000 59.130
21 0.000 1.176
21 0.000 1.249
21 0.000 52.178
21 0.000 6.880
2101 0.579 6243.790
2103 0.771 4821.691
2 0.330 2177.609
21 0.530 12.842
2 0.330 686.796
21 0.000 52.178
21 0.530 12.842
21 0.000 1.249
21 0.000 3.836
2103 0.771 4821.691
113 0.698 151.296
223 0.781 208.927
213 0.794 82.009
-213 1.271 244.746
111 0.135 1.558
213 0.792 17.419
-211 0.140 12.928
323 0.851 19.101
-313 0.784 3.785
-211 0.140 1.246
321 0.494 1.574
-321 0.494 0.652
213 1.200 6.105
223 0.784 2.487
-211 0.140 0.309
111 0.135 0.506
113 0.821 1.320
211 0.140 0.578
1114 1.406 2.900
113 0.986 5.068
-1114 1.155 15.938
-211 0.140 4.789
213 0.871 84.646
-211 0.140 28.726
211 0.140 323.458
-213 0.844 1311.932
2224 1.345 2466.646
-213 0.755 576.564
2 0.330 2177.609
2101 0.579 6243.790
211 0.140 530.976
111 0.135 547.303
313 0.899 990.837
-311 0.498 35.915
223 0.828 24.781
-213 1.013 27.423
2212 0.938 14.544
-2212 0.938 2.783
211 0.140 1.200
-211 0.140 0.665
211 0.140 1.115
111 0.135 0.533
1114 1.409 3.748
111 0.135 8.509
-2114 1.117 32.819
111 0.135 38.750
211 0.140 12.581
111 0.135 140.474
113 0.814 1244.165
111 0.135 616.289
-211 0.140 2613.957
2212 0.938 1531.487
211 0.140 96.711
-211 0.140 54.586
211 0.140 9.402
111 0.135 72.609
-211 0.140 185.773
111 0.135 58.977
211 0.140 5.594
111 0.135 11.841
321 0.494 9.848
111 0.135 9.259
-321 0.494 2.368
211 0.140 1.440
211 0.140 2.931
111 0.135 3.285
211 0.140 0.301
-211 0.140 1.215
2112 0.940 1.505
-211 0.140 1.442
211 0.140 2.453
-211 0.140 2.702
-2112 0.940 13.559
211 0.140 2.383
211 0.140 18.064
111 0.135 66.586
-211 0.140 1264.412
111 0.135 47.520
2212 0.938 1230.128
211 0.140 1236.518
-211 0.140 50.946
111 0.135 525.618
321 0.494 435.522
-211 0.140 555.315
310 0.498 35.915
-211 0.140 4.998
111 0.135 22.442
2112 0.940 1.691
-211 0.140 2.065
-2112 0.940 26.463
111 0.135 6.357
211 0.140 75.185
-211 0.140 1168.980
211 0.140 69.506
-211 0.140 73.768
111 0.135 65.654
22 0.000 0.600
22 0.000 0.964
211 0.140 1.048
-211 0.140 0.637
111 0.135 0.887
22 0.000 0.397
22 0.000 0.127
22 0.000 384.902
22 0.000 162.400
211 0.140 1.249
-211 0.140 14.853
111 0.135 8.683
22 0.000 0.398
22 0.000 0.152
22 0.000 0.339
22 0.000 8.171
22 0.000 37.784
22 0.000 0.966
22 0.000 12.772
22 0.000 127.701
22 0.000 440.761
22 0.000 175.528
22 0.000 64.355
22 0.000 8.254
22 0.000 51.100
22 0.000 7.877
22 0.000 10.990
22 0.000 0.851
22 0.000 5.491
22 0.000 3.769
22 0.000 0.107
22 0.000 3.180
22 0.000 15.435
22 0.000 51.151
22 0.000 7.788
22 0.000 39.733
22 0.000 432.738
22 0.000 92.880
211 0.140 5.377
-211 0.140 30.539
22 0.000 12.168
22 0.000 10.275
22 0.000 2.979
22 0.000 3.380
22 0.000 30.211
22 0.000 35.443
22 0.000 0.347
22 0.000 0.551
22 0.000 7.878
22 0.000 0.806
Event: 7
Event size: 456
90 14000.000 0.000
2212 0.938 7000.000
2212 0.938 7000.000
21 0.000 2.179
21 0.000 248.629
2 0.330 3.680
-2 0.330 247.114
21 0.000 0.129
21 0.000 180.667
21 0.000 158.651
21 0.000 22.146
21 0.000 2.179
21 0.000 1394.332
2 0.330 3.664
-2 0.330 248.068
21 0.000 1144.764
21 0.000 16.142
21 0.000 45.127
21 0.000 119.527
21 0.000 3.409
21 0.000 180.667
21 0.000 101.289
21 0.000 41.208
21 0.000 37.992
21 0.000 3.587
21 0.000 60.857
21 0.000 180.667
21 0.000 101.590
21 0.000 40.918
21 0.000 37.663
21 0.000 3.894
21 0.000 57.459
-2 0.000 202.170
21 0.000 180.667
21 0.000 101.592
21 0.000 40.876
21 0.000 37.673
21 0.000 3.905
21 0.000 57.479
-2 0.330 141.312
-2 0.330 5.443
21 0.000 154.305
21 0.000 39.033
-2 0.000 53.531
21 0.000 1394.332
2 0.330 4.504
-2 0.330 247.436
21 0.000 1144.551
-2 0.330 51.359
21 0.000 768.182
21 0.000 384.743
-2 0.330 239.063
21 0.000 32.823
21 0.000 16.251
21 0.000 29.475
2 0.330 0.592
21 0.000 5.054
-2 0.330 50.142
-2 0.330 207.425
21 0.000 69.283
21 0.000 347.098
21 0.000 146.827
21 0.000 15.910
21 0.000 241.813
21 0.000 25.327
21 0.000 54.336
21 0.000 113.675
21 0.000 3.834
21 0.000 1.586
-2 0.330 49.776
21 0.000 70.220
21 0.000 43.486
-2 0.330 5.412
21 0.000 35.644
21 0.000 35.863
21 0.000 108.143
-2 0.000 53.531
21 0.000 2788.177
2 0.330 0.593
-2 0.330 207.427
21 0.000 768.185
-2 0.330 49.776
21 0.000 347.099
21 0.000 3.833
21 0.000 69.283
21 0.000 1.585
21 0.000 1393.840
21 0.000 2.157
21 0.000 2.302
-2 0.330 46.903
2 0.330 0.720
21 0.000 0.867
21 0.000 2.853
-2 0.330 16.833
2 0.330 9.520
21 0.000 25.533
21 0.000 1.278
21 0.000 1.605
21 0.000 1.576
21 0.000 849.549
21 0.000 25.041
21 0.000 240.694
21 0.000 24.147
21 0.000 1.363
21 0.000 3.722
21 0.000 2.127
21 0.000 0.270
21 0.000 2.687
-2 0.000 53.605
21 0.000 2788.140
2 0.330 0.710
-2 0.330 207.232
21 0.000 849.536
-2 0.330 46.945
21 0.000 240.728
21 0.000 2.958
21 0.000 69.273
21 0.000 1.614
21 0.000 1393.848
21 0.000 1.258
21 0.000 0.895
21 0.000 1.625
21 0.000 25.048
-2 0.000 202.177
21 0.000 241.809
21 0.000 108.144
21 0.000 29.477
21 0.000 25.528
21 0.000 2.691
21 0.000 24.144
-2 0.330 5.413
21 0.000 70.219
-2 0.330 16.831
21 0.000 15.911
21 0.000 54.336
21 0.000 43.491
21 0.000 35.863
2 0.330 9.521
21 0.000 2.128
21 0.000 0.269
2203 0.771 3566.713
1 0.330 148.945
2 0.330 1849.070
2 0.330 1179.570
2101 0.579 824.434
2 0.330 3145.537
21 0.482 265.775
2101 1.025 2218.282
21 0.095 3.226
21 0.128 124.555
2 0.752 3.392
2 0.330 1179.570
2203 0.771 3566.713
2224 1.267 4746.283
2 0.330 3145.537
-2 0.330 5.413
2 0.330 9.521
21 0.000 25.528
21 0.000 35.863
21 0.000 108.144
2101 1.025 2218.282
213 0.642 13.963
-211 0.140 147.906
113 0.774 22.163
111 0.135 51.279
211 0.140 343.631
-211 0.140 232.734
2212 0.938 1585.640
2 0.752 3.392
21 0.000 0.895
21 0.095 3.226
21 0.000 1.614
21 0.000 1.625
21 0.000 2.128
21 0.000 1.258
21 0.000 43.491
21 0.128 124.555
21 0.000 24.144
-2 0.330 46.945
111 0.135 0.781
331 0.959 2.017
211 0.140 0.937
-211 0.140 0.425
221 0.548 1.811
323 0.888 1.214
-321 0.494 0.408
211 0.140 0.161
-211 0.140 0.666
321 0.494 1.087
-311 0.498 2.809
311 0.498 1.548
333 1.021 7.648
221 0.548 50.450
-313 0.895 46.555
-211 0.140 10.203
321 0.494 10.577
3122 1.116 49.448
-211 0.140 6.455
-2114 1.697 56.868
1 0.330 148.945
21 0.000 29.477
-2 0.330 16.831
311 0.498 29.183
-323 1.034 110.423
111 0.135 2.796
321 0.494 3.802
-313 0.881 0.667
-213 0.768 1.024
211 0.140 0.200
-211 0.140 0.454
331 0.958 0.773
113 0.809 0.982
211 0.140 2.222
-211 0.140 3.285
111 0.135 5.677
223 0.782 14.243
113 0.710 17.930
211 0.140 898.922
-211 0.140 556.703
111 0.135 244.366
213 0.785 956.123
223 0.784 263.571
-211 0.140 135.365
211 0.140 59.787
111 0.135 23.813
111 0.135 0.404
-213 0.653 2.172
111 0.135 1.031
213 0.838 1.778
-213 0.991 1.180
111 0.135 0.554
111 0.135 4.496
2 0.330 1849.070
21 0.000 849.536
21 0.482 265.775
21 0.000 69.273
21 0.000 15.911
-2 0.330 207.232
111 0.135 234.065
113 0.734 609.161
111 0.135 171.199
113 0.923 367.999
211 0.140 80.973
223 0.779 273.795
2112 0.940 61.266
-3122 1.116 37.450
3114 1.322 10.406
211 0.140 0.244
-2112 0.940 1.827
223 0.786 0.579
111 0.135 0.859
223 0.787 2.949
-211 0.140 0.416
323 0.900 59.402
-323 0.856 82.334
213 0.939 197.501
221 0.548 60.249
-213 0.780 57.603
113 0.792 188.084
211 0.140 233.008
113 0.868 234.552
111 0.135 90.230
-211 0.140 82.321
223 0.794 117.388
2212 0.938 3179.758
211 0.140 1566.524
211 0.140 1.172
111 0.135 12.797
211 0.140 1.475
-211 0.140 20.695
311 0.498 0.683
211 0.140 0.644
310 0.498 2.809
130 0.498 1.548
-311 0.498 26.600
111 0.135 19.958
-2112 0.940 54.642
111 0.135 2.239
310 0.498 29.183
-321 0.494 39.528
111 0.135 70.897
-321 0.494 0.585
211 0.140 0.310
-211 0.140 0.653
111 0.135 0.598
211 0.140 0.307
-211 0.140 0.924
211 0.140 16.548
-211 0.140 1.388
211 0.140 130.606
111 0.135 825.518
-211 0.140 0.963
111 0.135 1.288
211 0.140 0.493
111 0.135 1.447
-211 0.140 0.843
111 0.135 0.673
211 0.140 38.407
-211 0.140 570.754
211 0.140 23.462
-211 0.140 344.538
3122 1.116 9.769
-211 0.140 0.642
311 0.498 45.408
211 0.140 13.997
-311 0.498 73.600
-211 0.140 8.736
211 0.140 100.048
111 0.135 97.455
-211 0.140 45.001
111 0.135 12.606
211 0.140 131.275
-211 0.140 56.810
211 0.140 101.536
-211 0.140 133.018
310 0.498 0.683
310 0.498 26.600
310 0.498 45.408
130 0.498 73.600
22 0.000 5.400
22 0.000 45.879
22 0.000 0.415
22 0.000 0.377
211 0.140 0.225
-211 0.140 0.681
221 0.548 1.150
22 0.000 1.047
22 0.000 0.845
321 0.494 4.422
-321 0.494 3.229
22 0.000 36.832
22 0.000 13.621
2212 0.938 40.109
-211 0.140 9.340
22 0.000 2.210
22 0.000 0.589
111 0.135 0.212
111 0.135 0.391
111 0.135 0.550
22 0.000 5.301
22 0.000 0.378
211 0.140 9.406
-211 0.140 3.776
111 0.135 1.071
22 0.000 74.125
22 0.000 170.241
211 0.140 39.161
-211 0.140 79.736
111 0.135 144.674
22 0.000 7.572
22 0.000 16.242
22 0.000 0.200
22 0.000 0.226
22 0.000 0.979
22 0.000 0.060
22 0.000 0.326
22 0.000 0.244
22 0.000 3.352
22 0.000 1.146
22 0.000 176.525
22 0.000 57.541
22 0.000 117.215
22 0.000 53.984
211 0.140 183.854
-211 0.140 31.076
111 0.135 58.865
-2112 0.940 31.392
111 0.135 6.058
211 0.140 0.396
-211 0.140 0.343
111 0.135 0.128
22 0.000 0.458
22 0.000 0.411
211 0.140 1.297
-211 0.140 0.399
111 0.135 1.318
22 0.000 15.026
22 0.000 45.226
22 0.000 25.624
22 0.000 64.606
211 0.140 23.023
-211 0.140 34.148
111 0.135 60.219
22 0.000 3.920
22 0.000 8.878
211 0.140 1.739
-211 0.140 1.099
22 0.000 5.574
22 0.000 14.384
22 0.000 1.552
22 0.000 0.692
111 0.135 9.048
111 0.135 20.137
22 0.000 8.699
22 0.000 62.198
22 0.000 0.446
22 0.000 0.167
22 0.000 37.190
22 0.000 788.328
22 0.000 1.014
22 0.000 0.281
22 0.000 0.856
22 0.000 0.597
22 0.000 0.173
22 0.000 0.514
2112 0.940 8.327
111 0.135 1.447
22 0.000 35.605
22 0.000 61.850
22 0.000 3.304
22 0.000 9.303
211 0.140 0.517
-211 0.140 0.277
111 0.135 23.280
111 0.135 3.322
211 0.140 22.406
-211 0.140 23.005
111 0.135 0.293
111 0.135 0.288
111 0.135 0.619
22 0.000 0.224
22 0.000 0.028
22 0.000 0.145
22 0.000 0.268
22 0.000 0.390
22 0.000 0.176
22 0.000 0.234
22 0.000 0.845
22 0.000 19.246
22 0.000 125.429
22 0.000 52.278
22 0.000 6.587
22 0.000 5.912
22 0.000 0.148
22 0.000 0.114
22 0.000 0.072
22 0.000 1.167
22 0.000 0.158
22 0.000 58.798
22 0.000 1.421
22 0.000 3.298
22 0.000 5.752
22 0.000 17.594
22 0.000 2.543
22 0.000 1.144
22 0.000 0.309
22 0.000 8.480
22 0.000 14.801
22 0.000 0.376
22 0.000 2.948
22 0.000 0.022
22 0.000 0.301
22 0.000 0.082
22 0.000 0.236
22 0.000 0.429
22 0.000 0.204
Event: 8
Event size: 263
90 14000.000 0.000
2212 0.938 7000.000
2212 0.938 7000.000
21 0.000 1097.072
21 0.000 0.179
21 0.000 3.761
21 0.000 1093.489
21 0.000 0.298
21 0.000 23.237
21 0.000 1073.716
21 0.000 1068.367
21 0.000 7.932
21 0.000 20.654
21 0.000 1097.072
21 0.000 0.188
21 0.000 1.337
21 0.000 1039.511
21 0.000 21.521
21 0.000 7.122
21 0.000 27.769
21 0.000 1097.072
21 0.000 2.444
21 0.000 3.376
21 0.000 1040.295
21 0.000 19.480
21 0.000 6.849
21 0.000 27.166
21 0.000 2.349
21 0.000 1097.072
21 0.000 50.129
21 0.000 3.153
21 0.000 1040.221
21 0.000 19.466
21 0.000 6.889
21 0.000 27.258
21 0.000 2.526
21 0.000 47.688
21 0.000 13.933
21 0.000 6.202
21 0.000 2.484
21 0.000 21.915
21 0.000 25.780
21 0.000 27.251
21 0.000 25.121
21 0.000 2.173
21 0.000 25.737
21 0.000 2.056
21 0.000 0.628
21 0.000 2.325
21 0.000 25.711
21 0.000 0.106
21 0.000 2.093
21 0.000 1.013
21 0.000 0.765
21 0.000 0.907
21 0.000 0.718
21 0.000 0.551
21 0.000 2.069
21 0.000 1097.082
21 0.000 50.129
21 0.000 0.906
21 0.000 1040.224
21 0.000 13.941
21 0.000 6.889
21 0.000 25.121
21 0.000 2.072
21 0.000 21.916
21 0.000 6.201
21 0.000 25.710
21 0.000 2.091
21 0.000 0.715
21 0.000 0.106
21 0.000 0.767
21 0.000 0.552
2203 0.771 2111.399
1 0.330 3791.519
2203 0.771 5621.548
1 0.330 1328.322
21 0.575 2.121
1 0.330 1328.322
21 0.000 21.916
21 0.000 25.710
21 0.575 2.121
21 0.000 25.121
2203 0.771 2111.399
-211 0.140 437.938
113 0.772 436.601
331 0.958 264.610
221 0.548 103.148
213 0.824 97.110
221 0.548 6.500
-213 0.597 11.511
213 0.659 16.510
111 0.135 0.408
-213 0.834 0.651
2212 0.938 0.438
-2112 0.940 1.661
111 0.135 0.464
111 0.135 1.870
223 0.781 2.521
311 0.498 8.805
-311 0.498 15.314
-213 0.710 53.839
213 0.759 95.855
-213 0.895 747.473
2212 0.938 965.540
211 0.140 244.394
1 0.330 3791.519
21 0.000 1040.224
21 0.000 6.889
21 0.000 13.941
21 0.000 6.201
21 0.000 0.906
21 0.000 0.767
21 0.000 0.715
21 0.000 0.552
21 0.000 2.072
2203 0.771 5621.548
-213 0.848 2106.063
2212 0.938 1105.609
-3122 1.116 1267.306
3122 1.116 270.632
211 0.140 48.980
-2224 1.283 32.216
211 0.140 1.841
-211 0.140 10.911
111 0.135 2.733
113 0.787 3.476
213 0.861 6.333
311 0.498 2.550
333 1.015 1.299
-321 0.494 0.767
211 0.140 0.582
2112 0.940 0.651
-2212 0.938 1.009
223 0.792 3.348
111 0.135 8.155
213 0.744 53.629
-211 0.140 24.736
211 0.140 6.746
-213 0.837 75.985
321 0.494 874.142
-323 0.946 1055.345
211 0.140 289.049
2214 1.351 2868.069
111 0.135 361.458
211 0.140 265.990
-211 0.140 170.612
211 0.140 93.018
111 0.135 4.093
-211 0.140 7.554
111 0.135 3.969
211 0.140 3.812
111 0.135 12.708
-211 0.140 0.685
111 0.135 0.332
130 0.498 8.805
310 0.498 15.314
-211 0.140 41.032
111 0.135 12.811
211 0.140 61.481
111 0.135 34.376
-211 0.140 76.615
111 0.135 670.858
-211 0.140 1156.409
111 0.135 949.654
-2212 0.938 18.638
-211 0.140 13.580
211 0.140 2.073
-211 0.140 1.480
211 0.140 5.475
111 0.135 0.904
310 0.498 2.550
211 0.140 29.979
111 0.135 23.654
-211 0.140 8.512
111 0.135 67.476
-321 0.494 600.650
111 0.135 454.696
2212 0.938 2143.770
111 0.135 724.300
211 0.140 66.711
-211 0.140 34.526
221 0.548 163.374
211 0.140 17.672
-211 0.140 65.820
111 0.135 19.656
111 0.135 1.105
111 0.135 4.098
111 0.135 1.302
22 0.000 0.055
22 0.000 0.374
22 0.000 0.377
22 0.000 0.107
22 0.000 1.344
22 0.000 0.531
211 0.140 1.367
-211 0.140 0.990
111 0.135 0.228
-2212 0.938 1166.837
211 0.140 100.469
2212 0.938 218.535
-211 0.140 52.097
22 0.000 1.647
22 0.000 1.089
321 0.494 0.481
-321 0.494 0.823
211 0.140 1.995
-211 0.140 0.797
111 0.135 0.616
22 0.000 7.060
22 0.000 1.096
22 0.000 18.862
22 0.000 342.596
22 0.000 1.543
22 0.000 2.552
22 0.000 2.757
22 0.000 1.215
22 0.000 3.185
22 0.000 9.524
22 0.000 0.334
22 0.000 0.024
111 0.135 11.497
111 0.135 3.822
22 0.000 7.424
22 0.000 5.387
22 0.000 0.484
22 0.000 33.893
22 0.000 220.612
22 0.000 450.246
22 0.000 675.811
22 0.000 273.843
22 0.000 0.476
22 0.000 0.438
211 0.140 1.569
-211 0.140 1.013
22 0.000 16.637
22 0.000 7.017
22 0.000 67.274
22 0.000 0.202
22 0.000 52.939
22 0.000 401.756
22 0.000 55.718
22 0.000 668.582
22 0.000 129.952
22 0.000 33.423
22 0.000 14.902
11 0.001 3.232
-11 0.001 1.522
22 0.000 0.610
22 0.000 0.503
22 0.000 1.787
22 0.000 2.314
22 0.000 0.549
22 0.000 0.760
22 0.000 0.060
22 0.000 0.205
22 0.000 0.498
22 0.000 0.133
22 0.000 10.218
22 0.000 1.279
22 0.000 2.553
22 0.000 1.271
Event: 9
Event size: 170
90 14000.000 0.000
2212 0.938 7000.000
2212 0.938 7000.000
21 0.000 0.003
2 0.000 1359.131
21 0.000 1224.358
2 0.330 134.775
21 0.000 0.782
2 0.000 1362.592
21 0.000 1222.977
2 0.330 140.397
2 0.330 406.982
2101 0.579 6593.015
2101 0.579 5636.629
2 0.330 140.397
2101 0.579 6593.015
321 0.494 33.720
-321 0.494 47.168
221 0.548 13.636
223 0.753 43.936
113 0.950 0.860
211 0.140 0.207
-211 0.140 0.315
221 0.548 0.597
211 0.140 1.637
-213 0.767 1.070
223 0.780 3.306
221 0.548 5.133
3222 1.189 6.826
-3222 1.189 259.201
211 0.140 69.318
-213 0.766 513.096
221 0.548 165.527
213 0.680 2032.849
2112 0.940 3533.800
2 0.330 406.982
21 0.000 1222.977
2101 0.579 5636.629
211 0.140 87.679
311 0.498 111.762
-311 0.498 70.496
111 0.135 31.196
113 0.792 91.053
111 0.135 3.174
223 0.784 4.275
221 0.548 3.613
-213 0.513 1.250
221 0.548 1.497
111 0.135 0.614
211 0.140 0.753
-213 0.611 0.902
211 0.140 2.365
223 0.791 7.121
-211 0.140 1.121
211 0.140 2.739
1114 1.231 25.403
211 0.140 9.499
-2212 0.938 73.604
211 0.140 291.328
111 0.135 17.822
113 0.832 278.282
-211 0.140 63.266
111 0.135 776.925
2214 1.169 1818.619
223 0.785 3489.592
211 0.140 0.693
-211 0.140 0.557
-211 0.140 0.525
111 0.135 0.761
-211 0.140 162.752
111 0.135 350.345
211 0.140 283.442
111 0.135 1749.407
310 0.498 111.762
310 0.498 70.496
211 0.140 67.413
-211 0.140 23.643
-211 0.140 0.253
111 0.135 1.054
-211 0.140 0.617
111 0.135 0.436
2112 0.940 21.418
-211 0.140 3.991
211 0.140 129.414
-211 0.140 148.869
2212 0.938 1578.900
111 0.135 239.719
22 0.000 9.214
22 0.000 4.433
211 0.140 21.452
-211 0.140 17.315
111 0.135 5.172
111 0.135 0.164
111 0.135 0.370
111 0.135 0.153
211 0.140 1.258
-211 0.140 0.556
111 0.135 1.551
22 0.000 1.275
22 0.000 3.886
2112 0.940 5.613
211 0.140 1.229
-2112 0.940 185.864
-211 0.140 73.338
22 0.000 75.651
22 0.000 89.877
22 0.000 10.165
22 0.000 21.032
22 0.000 0.957
22 0.000 2.220
211 0.140 0.258
-211 0.140 1.422
111 0.135 2.621
22 0.000 0.883
22 0.000 2.771
211 0.140 0.807
-211 0.140 0.721
22 0.000 0.041
22 0.000 0.008
22 0.000 0.620
211 0.140 3.585
-211 0.140 1.692
111 0.135 1.875
22 0.000 17.430
22 0.000 0.393
22 0.000 586.794
22 0.000 190.130
211 0.140 2466.251
-211 0.140 312.447
111 0.135 710.894
22 0.000 0.181
22 0.000 0.592
22 0.000 178.867
22 0.000 171.477
22 0.000 696.561
22 0.000 1052.846
111 0.135 73.829
111 0.135 37.934
111 0.135 12.123
111 0.135 58.374
22 0.000 0.637
22 0.000 0.426
22 0.000 0.225
22 0.000 0.231
22 0.000 144.637
22 0.000 95.083
22 0.000 4.586
22 0.000 0.588
22 0.000 0.033
22 0.000 0.179
22 0.000 0.168
22 0.000 0.226
22 0.000 0.143
22 0.000 0.061
22 0.000 1.086
22 0.000 0.471
22 0.000 1.094
22 0.000 1.530
22 0.000 1.270
22 0.000 0.610
22 0.000 254.510
22 0.000 456.384
22 0.000 22.778
22 0.000 51.051
22 0.000 15.074
22 0.000 22.860
22 0.000 7.912
22 0.000 4.211
22 0.000 38.926
22 0.000 19.448
